<?xml version="1.0" encoding="UTF-8"?>
<!-- Generated by org.testng.reporters.JUnitXMLReporter -->
<testsuite ignored="0" hostname="DESKTOP-FHM8NK9" failures="0" tests="3" name="Test" time="36.507" errors="0" timestamp="2024-01-14T09:38:22 IST">
  <testcase classname="ecommerse.Amazon" name="amazonTEst" time="12.07"/>
  <testcase classname="ecommerse.Ajio" name="ajioTest" time="12.974"/>
  <testcase classname="ecommerse.Flickcart" name="flipcartTest" time="11.381"/>
</testsuite> <!-- Test -->
